Determining if the pthread_create exist failed with the following output:
Change Dir: /home/dzy/CLionProjects/robot_write_ros/build/CMakeFiles/CMakeTmp

Run Build Command:"/usr/bin/make" "cmTryCompileExec2919382550/fast"
/usr/bin/make -f CMakeFiles/cmTryCompileExec2919382550.dir/build.make CMakeFiles/cmTryCompileExec2919382550.dir/build
make[1]: 正在进入目录 `/home/dzy/CLionProjects/robot_write_ros/build/CMakeFiles/CMakeTmp'
/usr/bin/cmake -E cmake_progress_report /home/dzy/CLionProjects/robot_write_ros/build/CMakeFiles/CMakeTmp/CMakeFiles 1
Building C object CMakeFiles/cmTryCompileExec2919382550.dir/CheckSymbolExists.c.o
/usr/bin/cc    -o CMakeFiles/cmTryCompileExec2919382550.dir/CheckSymbolExists.c.o   -c /home/dzy/CLionProjects/robot_write_ros/build/CMakeFiles/CMakeTmp/CheckSymbolExists.c
Linking C executable cmTryCompileExec2919382550
/usr/bin/cmake -E cmake_link_script CMakeFiles/cmTryCompileExec2919382550.dir/link.txt --verbose=1
/usr/bin/cc       CMakeFiles/cmTryCompileExec2919382550.dir/CheckSymbolExists.c.o  -o cmTryCompileExec2919382550 -rdynamic 
CMakeFiles/cmTryCompileExec2919382550.dir/CheckSymbolExists.c.o：在函数‘main’中：
CheckSymbolExists.c:(.text+0x16)：对‘pthread_create’未定义的引用
collect2: error: ld returned 1 exit status
make[1]: *** [cmTryCompileExec2919382550] 错误 1
make[1]:正在离开目录 `/home/dzy/CLionProjects/robot_write_ros/build/CMakeFiles/CMakeTmp'
make: *** [cmTryCompileExec2919382550/fast] 错误 2

File /home/dzy/CLionProjects/robot_write_ros/build/CMakeFiles/CMakeTmp/CheckSymbolExists.c:
/* */
#include <pthread.h>

int main(int argc, char** argv)
{
  (void)argv;
#ifndef pthread_create
  return ((int*)(&pthread_create))[argc];
#else
  (void)argc;
  return 0;
#endif
}

Determining if the function pthread_create exists in the pthreads failed with the following output:
Change Dir: /home/dzy/CLionProjects/robot_write_ros/build/CMakeFiles/CMakeTmp

Run Build Command:"/usr/bin/make" "cmTryCompileExec1679775089/fast"
/usr/bin/make -f CMakeFiles/cmTryCompileExec1679775089.dir/build.make CMakeFiles/cmTryCompileExec1679775089.dir/build
make[1]: 正在进入目录 `/home/dzy/CLionProjects/robot_write_ros/build/CMakeFiles/CMakeTmp'
/usr/bin/cmake -E cmake_progress_report /home/dzy/CLionProjects/robot_write_ros/build/CMakeFiles/CMakeTmp/CMakeFiles 1
Building C object CMakeFiles/cmTryCompileExec1679775089.dir/CheckFunctionExists.c.o
/usr/bin/cc   -DCHECK_FUNCTION_EXISTS=pthread_create   -o CMakeFiles/cmTryCompileExec1679775089.dir/CheckFunctionExists.c.o   -c /usr/share/cmake-3.0/Modules/CheckFunctionExists.c
Linking C executable cmTryCompileExec1679775089
/usr/bin/cmake -E cmake_link_script CMakeFiles/cmTryCompileExec1679775089.dir/link.txt --verbose=1
/usr/bin/cc   -DCHECK_FUNCTION_EXISTS=pthread_create    CMakeFiles/cmTryCompileExec1679775089.dir/CheckFunctionExists.c.o  -o cmTryCompileExec1679775089 -rdynamic -lpthreads 
/usr/bin/ld: 找不到 -lpthreads
collect2: error: ld returned 1 exit status
make[1]: *** [cmTryCompileExec1679775089] 错误 1
make[1]:正在离开目录 `/home/dzy/CLionProjects/robot_write_ros/build/CMakeFiles/CMakeTmp'
make: *** [cmTryCompileExec1679775089/fast] 错误 2


